<?xml version="1.0" encoding="UTF-8"?>
<testsuite xmlns:xsi="http://www.w3.org/2001/XMLSchema-instance" xsi:noNamespaceSchemaLocation="https://maven.apache.org/surefire/maven-surefire-plugin/xsd/surefire-test-report.xsd" name="account.test.CheckFieldToLengthTest" time="0.015" tests="5" errors="0" skipped="0" failures="0">
  <properties>
[...]
</properties>
  <testcase name="testLengthField[0]" classname="account.test.CheckFieldToLengthTest" time="0.002"/>
  <testcase name="testLengthField[1]" classname="account.test.CheckFieldToLengthTest" time="0.004"/>
  <testcase name="testLengthField[2]" classname="account.test.CheckFieldToLengthTest" time="0.002"/>
  <testcase name="testLengthField[3]" classname="account.test.CheckFieldToLengthTest" time="0"/>
  <testcase name="testLengthField[4]" classname="account.test.CheckFieldToLengthTest" time="0.001"/>
</testsuite>